kotlin version: 2.2.0
error message: java.lang.RuntimeException: Exception while generating code for:
FUN name:ConfigureView visibility:public modality:FINAL returnType:kotlin.Unit [inline]
  TYPE_PARAMETER name:T index:0 variance: superTypes:[androidx.lifecycle.ViewModel] reified:true
  TYPE_PARAMETER name:S index:1 variance: superTypes:[com.example.core.base.BaseView<T of com.example.core.base.BaseView.Companion.ConfigureView>] reified:true
  VALUE_PARAMETER kind:DispatchReceiver name:<this> index:0 type:com.example.core.base.BaseView.Companion
  BLOCK_BODY
    VAR name:$i$f$ConfigureView type:kotlin.Int [val]
      CONST Int type=kotlin.Int value=0
    VAR name:viewModel type:T of com.example.core.base.BaseView.Companion.ConfigureView [val]
      TYPE_OP type=T of com.example.core.base.BaseView.Companion.ConfigureView origin=IMPLICIT_CAST typeOperand=T of com.example.core.base.BaseView.Companion.ConfigureView
        CALL 'public final fun viewModel$default <VM> (viewModelStoreOwner: androidx.lifecycle.ViewModelStoreOwner?, key: kotlin.String?, factory: androidx.lifecycle.ViewModelProvider.Factory?, extras: androidx.lifecycle.viewmodel.CreationExtras?, $mask0: kotlin.Int, $handler: kotlin.Any?): VM of androidx.lifecycle.viewmodel.compose.ViewModelKt.viewModel$default [inline] declared in androidx.lifecycle.viewmodel.compose.ViewModelKt' type=VM of androidx.lifecycle.viewmodel.compose.ViewModelKt.viewModel$default origin=DEFAULT_DISPATCH_CALL
          TYPE_ARG VM: T of com.example.core.base.BaseView.Companion.ConfigureView
          ARG viewModelStoreOwner: COMPOSITE type=androidx.lifecycle.ViewModelStoreOwner? origin=DEFAULT_VALUE
            CONST Null type=androidx.lifecycle.ViewModelStoreOwner? value=null
          ARG key: COMPOSITE type=kotlin.String? origin=DEFAULT_VALUE
            CONST Null type=kotlin.String? value=null
          ARG factory: COMPOSITE type=androidx.lifecycle.ViewModelProvider.Factory? origin=DEFAULT_VALUE
            CONST Null type=androidx.lifecycle.ViewModelProvider.Factory? value=null
          ARG extras: COMPOSITE type=androidx.lifecycle.viewmodel.CreationExtras? origin=DEFAULT_VALUE
            CONST Null type=androidx.lifecycle.viewmodel.CreationExtras? value=null
          ARG $mask0: CONST Int type=kotlin.Int value=15
          ARG $handler: CONST Null type=kotlin.Any? value=null
    VAR name:view type:S of com.example.core.base.BaseView.Companion.ConfigureView [val]
      CALL 'public final fun createInstance <T> (<this>: kotlin.reflect.KClass<T of kotlin.reflect.full.KClasses.createInstance>): T of kotlin.reflect.full.KClasses.createInstance declared in kotlin.reflect.full.KClasses' type=S of com.example.core.base.BaseView.Companion.ConfigureView origin=null
        TYPE_ARG T: S of com.example.core.base.BaseView.Companion.ConfigureView
        ARG <this>: CLASS_REFERENCE 'TYPE_PARAMETER name:S index:1 variance: superTypes:[com.example.core.base.BaseView<T of com.example.core.base.BaseView.Companion.ConfigureView>] reified:true' type=kotlin.reflect.KClass<S of com.example.core.base.BaseView.Companion.ConfigureView>
    VAR name:overlay type:com.example.core.base.BaseOverlay [val]
      CALL 'public final fun remember <T> (calculation: @[DisallowComposableCalls] kotlin.Function0<T of androidx.compose.runtime.ComposablesKt.remember>): T of androidx.compose.runtime.ComposablesKt.remember [inline] declared in androidx.compose.runtime.ComposablesKt' type=com.example.core.base.BaseOverlay origin=null
        TYPE_ARG T: com.example.core.base.BaseOverlay
        ARG calculation: BLOCK type=kotlin.Function0<com.example.core.base.BaseOverlay> origin=LAMBDA
          COMPOSITE type=kotlin.Unit origin=null
          FUNCTION_REFERENCE 'private final fun ConfigureView$lambda$0 (): com.example.core.base.BaseOverlay declared in com.example.core.base.BaseView.Companion' type=kotlin.Function0<com.example.core.base.BaseOverlay> origin=INLINE_LAMBDA reflectionTarget=null
    CALL 'public final fun <set-viewModel> (<set-?>: T of com.example.core.base.BaseView): kotlin.Unit declared in com.example.core.base.BaseView' type=kotlin.Unit origin=EQ
      ARG <this>: GET_VAR 'val view: S of com.example.core.base.BaseView.Companion.ConfigureView [val] declared in com.example.core.base.BaseView.Companion.ConfigureView' type=S of com.example.core.base.BaseView.Companion.ConfigureView origin=null
      ARG <set-?>: GET_VAR 'val viewModel: T of com.example.core.base.BaseView.Companion.ConfigureView [val] declared in com.example.core.base.BaseView.Companion.ConfigureView' type=T of com.example.core.base.BaseView.Companion.ConfigureView origin=null
    CALL 'public final fun <set-overlay> (<set-?>: com.example.core.base.BaseOverlay): kotlin.Unit declared in com.example.core.base.BaseView' type=kotlin.Unit origin=EQ
      ARG <this>: GET_VAR 'val view: S of com.example.core.base.BaseView.Companion.ConfigureView [val] declared in com.example.core.base.BaseView.Companion.ConfigureView' type=S of com.example.core.base.BaseView.Companion.ConfigureView origin=null
      ARG <set-?>: GET_VAR 'val overlay: com.example.core.base.BaseOverlay [val] declared in com.example.core.base.BaseView.Companion.ConfigureView' type=com.example.core.base.BaseOverlay origin=null
    WHEN type=kotlin.Unit origin=IF
      BRANCH
        if: TYPE_OP type=kotlin.Boolean origin=INSTANCEOF typeOperand=com.example.core.base.BaseViewModel
          GET_VAR 'val viewModel: T of com.example.core.base.BaseView.Companion.ConfigureView [val] declared in com.example.core.base.BaseView.Companion.ConfigureView' type=T of com.example.core.base.BaseView.Companion.ConfigureView origin=null
        then: BLOCK type=kotlin.Unit origin=null
          CALL 'public final fun <set-overlay> (<set-?>: com.example.core.base.BaseOverlay): kotlin.Unit declared in com.example.core.base.BaseViewModel' type=kotlin.Unit origin=EQ
            ARG <this>: TYPE_OP type=com.example.core.base.BaseViewModel origin=IMPLICIT_CAST typeOperand=com.example.core.base.BaseViewModel
              GET_VAR 'val viewModel: T of com.example.core.base.BaseView.Companion.ConfigureView [val] declared in com.example.core.base.BaseView.Companion.ConfigureView' type=T of com.example.core.base.BaseView.Companion.ConfigureView origin=null
            ARG <set-?>: GET_VAR 'val overlay: com.example.core.base.BaseOverlay [val] declared in com.example.core.base.BaseView.Companion.ConfigureView' type=com.example.core.base.BaseOverlay origin=null
    CALL 'public final fun CompositionLocalProvider (value: androidx.compose.runtime.ProvidedValue<*>, content: @[Composable] kotlin.Function0<kotlin.Unit>): kotlin.Unit declared in androidx.compose.runtime.CompositionLocalKt' type=kotlin.Unit origin=null
      ARG value: CALL 'public final fun provides (value: T of androidx.compose.runtime.ProvidableCompositionLocal): androidx.compose.runtime.ProvidedValue<T of androidx.compose.runtime.ProvidableCompositionLocal> [infix] declared in androidx.compose.runtime.ProvidableCompositionLocal' type=androidx.compose.runtime.ProvidedValue<com.example.core.base.BaseOverlay> origin=null
        ARG <this>: CALL 'public final fun <get-localOverlayManager> (): androidx.compose.runtime.ProvidableCompositionLocal<com.example.core.base.BaseOverlay> declared in com.example.core.base.BaseOverlay' type=androidx.compose.runtime.ProvidableCompositionLocal<com.example.core.base.BaseOverlay> origin=GET_PROPERTY
          ARG <this>: CONSTRUCTOR_CALL 'public constructor <init> () [primary] declared in com.example.core.base.BaseOverlay' type=com.example.core.base.BaseOverlay origin=null
        ARG value: GET_VAR 'val overlay: com.example.core.base.BaseOverlay [val] declared in com.example.core.base.BaseView.Companion.ConfigureView' type=com.example.core.base.BaseOverlay origin=null
      ARG content: BLOCK type=com.example.core.base.BaseView.Companion.ConfigureView.<no name provided> origin=null
        CLASS LAMBDA_IMPL CLASS name:<no name provided> modality:FINAL visibility:public superTypes:[kotlin.Any; kotlin.Function0<kotlin.Unit>]
          thisReceiver: VALUE_PARAMETER INSTANCE_RECEIVER kind:DispatchReceiver name:<this> type:com.example.core.base.BaseView.Companion.ConfigureView.<no name provided>
          CONSTRUCTOR GENERATED_MEMBER_IN_CALLABLE_REFERENCE visibility:public returnType:com.example.core.base.BaseView.Companion.ConfigureView.<no name provided> [primary]
            VALUE_PARAMETER BOUND_VALUE_PARAMETER kind:Regular name:$view index:0 type:S of com.example.core.base.BaseView.Companion.ConfigureView
            VALUE_PARAMETER BOUND_VALUE_PARAMETER kind:Regular name:$overlay index:1 type:com.example.core.base.BaseOverlay
            BLOCK_BODY
              SET_FIELD 'FIELD FIELD_FOR_CAPTURED_VALUE name:$view type:S of com.example.core.base.BaseView.Companion.ConfigureView visibility:public/*package*/ [final] declared in com.example.core.base.BaseView.Companion.ConfigureView.<no name provided>' type=kotlin.Unit origin=INITIALIZER_OF_FIELD_FOR_CAPTURED_VALUE
                receiver: GET_VAR '<this>: com.example.core.base.BaseView.Companion.ConfigureView.<no name provided> declared in com.example.core.base.BaseView.Companion.ConfigureView.<no name provided>' type=com.example.core.base.BaseView.Companion.ConfigureView.<no name provided> origin=null
                value: GET_VAR '$view: S of com.example.core.base.BaseView.Companion.ConfigureView declared in com.example.core.base.BaseView.Companion.ConfigureView.<no name provided>.<init>' type=S of com.example.core.base.BaseView.Companion.ConfigureView origin=null
              SET_FIELD 'FIELD FIELD_FOR_CAPTURED_VALUE name:$overlay type:com.example.core.base.BaseOverlay visibility:public/*package*/ [final] declared in com.example.core.base.BaseView.Companion.ConfigureView.<no name provided>' type=kotlin.Unit origin=INITIALIZER_OF_FIELD_FOR_CAPTURED_VALUE
                receiver: GET_VAR '<this>: com.example.core.base.BaseView.Companion.ConfigureView.<no name provided> declared in com.example.core.base.BaseView.Companion.ConfigureView.<no name provided>' type=com.example.core.base.BaseView.Companion.ConfigureView.<no name provided> origin=null
                value: GET_VAR '$overlay: com.example.core.base.BaseOverlay declared in com.example.core.base.BaseView.Companion.ConfigureView.<no name provided>.<init>' type=com.example.core.base.BaseOverlay origin=null
              DELEGATING_CONSTRUCTOR_CALL 'public constructor <init> () [primary] declared in kotlin.Any'
              BLOCK type=kotlin.Unit origin=null
          FUN name:invoke visibility:public modality:FINAL returnType:kotlin.Unit
            VALUE_PARAMETER INSTANCE_RECEIVER kind:DispatchReceiver name:<this> index:0 type:com.example.core.base.BaseView.Companion.ConfigureView.<no name provided>
            overridden:
              public abstract fun invoke (): R of kotlin.Function0 [operator] declared in kotlin.Function0
            BLOCK_BODY
              CALL 'public final fun Box$default (modifier: androidx.compose.ui.Modifier?, contentAlignment: androidx.compose.ui.Alignment?, propagateMinConstraints: kotlin.Boolean, content: @[Composable] @[ExtensionFunctionType] kotlin.Function1<androidx.compose.foundation.layout.BoxScope, kotlin.Unit>, $mask0: kotlin.Int, $handler: kotlin.Any?): kotlin.Unit [inline] declared in androidx.compose.foundation.layout.BoxKt' type=kotlin.Unit origin=DEFAULT_DISPATCH_CALL
                ARG modifier: CALL 'public final fun fillMaxSize$default (<this>: androidx.compose.ui.Modifier, fraction: kotlin.Float, $mask0: kotlin.Int, $handler: kotlin.Any?): androidx.compose.ui.Modifier declared in androidx.compose.foundation.layout.SizeKt' type=androidx.compose.ui.Modifier origin=DEFAULT_DISPATCH_CALL
                  ARG <this>: GET_FIELD 'FIELD FIELD_FOR_OBJECT_INSTANCE name:Companion type:androidx.compose.ui.Modifier.Companion visibility:public [final,static] declared in androidx.compose.ui.Modifier' type=androidx.compose.ui.Modifier.Companion origin=null
                  ARG fraction: COMPOSITE type=kotlin.Float origin=DEFAULT_VALUE
                    CONST Float type=kotlin.Float value=0.0
                  ARG $mask0: CONST Int type=kotlin.Int value=1
                  ARG $handler: CONST Null type=kotlin.Any? value=null
                ARG contentAlignment: COMPOSITE type=androidx.compose.ui.Alignment? origin=DEFAULT_VALUE
                  CONST Null type=androidx.compose.ui.Alignment? value=null
                ARG propagateMinConstraints: COMPOSITE type=kotlin.Boolean origin=DEFAULT_VALUE
                  CONST Boolean type=kotlin.Boolean value=false
                ARG content: BLOCK type=@[ExtensionFunctionType] kotlin.Function1<androidx.compose.foundation.layout.BoxScope, kotlin.Unit> origin=LAMBDA
                  COMPOSITE type=kotlin.Unit origin=null
                  FUNCTION_REFERENCE 'private final fun invoke$lambda$1 <S, T> ($this$Box: androidx.compose.foundation.layout.BoxScope, $view: S of com.example.core.base.BaseView.Companion.ConfigureView.<no name provided>.invoke$lambda$1, $overlay: com.example.core.base.BaseOverlay): kotlin.Unit declared in com.example.core.base.BaseView.Companion.ConfigureView.<no name provided>' type=@[ExtensionFunctionType] kotlin.Function1<androidx.compose.foundation.layout.BoxScope, kotlin.Unit> origin=INLINE_LAMBDA reflectionTarget=null
                    TYPE_ARG S: S of com.example.core.base.BaseView.Companion.ConfigureView
                    TYPE_ARG T: T of com.example.core.base.BaseView.Companion.ConfigureView
                    ARG $view: GET_FIELD 'FIELD FIELD_FOR_CAPTURED_VALUE name:$view type:S of com.example.core.base.BaseView.Companion.ConfigureView visibility:public/*package*/ [final] declared in com.example.core.base.BaseView.Companion.ConfigureView.<no name provided>' type=S of com.example.core.base.BaseView.Companion.ConfigureView origin=null
                      receiver: GET_VAR '<this>: com.example.core.base.BaseView.Companion.ConfigureView.<no name provided> declared in com.example.core.base.BaseView.Companion.ConfigureView.<no name provided>.invoke' type=com.example.core.base.BaseView.Companion.ConfigureView.<no name provided> origin=null
                    ARG $overlay: GET_FIELD 'FIELD FIELD_FOR_CAPTURED_VALUE name:$overlay type:com.example.core.base.BaseOverlay visibility:public/*package*/ [final] declared in com.example.core.base.BaseView.Companion.ConfigureView.<no name provided>' type=com.example.core.base.BaseOverlay origin=null
                      receiver: GET_VAR '<this>: com.example.core.base.BaseView.Companion.ConfigureView.<no name provided> declared in com.example.core.base.BaseView.Companion.ConfigureView.<no name provided>.invoke' type=com.example.core.base.BaseView.Companion.ConfigureView.<no name provided> origin=null
                ARG $mask0: CONST Int type=kotlin.Int value=6
                ARG $handler: CONST Null type=kotlin.Any? value=null
          FIELD FIELD_FOR_CAPTURED_VALUE name:$view type:S of com.example.core.base.BaseView.Companion.ConfigureView visibility:public/*package*/ [final]
          FIELD FIELD_FOR_CAPTURED_VALUE name:$overlay type:com.example.core.base.BaseOverlay visibility:public/*package*/ [final]
          FUN INLINE_LAMBDA name:invoke$lambda$1$lambda$0 visibility:private modality:FINAL returnType:kotlin.Unit
            VALUE_PARAMETER kind:Regular name:content index:0 type:@[Composable] kotlin.Function0<kotlin.Unit>
            BLOCK_BODY
              VAR name:$i$a$-forEach-BaseView$Companion$ConfigureView$1$1$1 type:kotlin.Int [val]
                CONST Int type=kotlin.Int value=0
              CALL 'public abstract fun invoke (): R of kotlin.Function0 [operator] declared in kotlin.Function0' type=kotlin.Unit origin=INVOKE
                ARG <this>: GET_VAR 'content: @[Composable] kotlin.Function0<kotlin.Unit> declared in com.example.core.base.BaseView.Companion.ConfigureView.<no name provided>.invoke$lambda$1$lambda$0' type=@[Composable] kotlin.Function0<kotlin.Unit> origin=null
          FUN INLINE_LAMBDA name:invoke$lambda$1 visibility:private modality:FINAL returnType:kotlin.Unit
            TYPE_PARAMETER name:S index:0 variance: superTypes:[com.example.core.base.BaseView<T of com.example.core.base.BaseView.Companion.ConfigureView.<no name provided>.invoke$lambda$1>] reified:true
            TYPE_PARAMETER name:T index:1 variance: superTypes:[androidx.lifecycle.ViewModel] reified:true
            VALUE_PARAMETER kind:ExtensionReceiver name:$this$Box index:0 type:androidx.compose.foundation.layout.BoxScope
            VALUE_PARAMETER BOUND_VALUE_PARAMETER kind:Regular name:$view index:1 type:S of com.example.core.base.BaseView.Companion.ConfigureView.<no name provided>.invoke$lambda$1
            VALUE_PARAMETER BOUND_VALUE_PARAMETER kind:Regular name:$overlay index:2 type:com.example.core.base.BaseOverlay
            BLOCK_BODY
              VAR name:$i$a$-Box$default-BaseView$Companion$ConfigureView$1$1 type:kotlin.Int [val]
                CONST Int type=kotlin.Int value=0
              CALL 'public abstract fun BuildRender (): kotlin.Unit declared in com.example.core.base.BaseView' type=kotlin.Unit origin=null
                ARG <this>: GET_VAR '$view: S of com.example.core.base.BaseView.Companion.ConfigureView.<no name provided>.invoke$lambda$1 declared in com.example.core.base.BaseView.Companion.ConfigureView.<no name provided>.invoke$lambda$1' type=S of com.example.core.base.BaseView.Companion.ConfigureView.<no name provided>.invoke$lambda$1 origin=null
              CALL 'public final fun forEach <T> (<this>: kotlin.collections.Iterable<T of kotlin.collections.CollectionsKt.forEach>, action: kotlin.Function1<T of kotlin.collections.CollectionsKt.forEach, kotlin.Unit>): kotlin.Unit [inline] declared in kotlin.collections.CollectionsKt' type=kotlin.Unit origin=null
                TYPE_ARG T: @[Composable] kotlin.Function0<kotlin.Unit>
                ARG <this>: CALL 'public final fun <get-overlays> (): kotlin.collections.List<@[Composable] kotlin.Function0<kotlin.Unit>> declared in com.example.core.base.BaseOverlay' type=kotlin.collections.List<@[Composable] kotlin.Function0<kotlin.Unit>> origin=GET_PROPERTY
                  ARG <this>: GET_VAR '$overlay: com.example.core.base.BaseOverlay declared in com.example.core.base.BaseView.Companion.ConfigureView.<no name provided>.invoke$lambda$1' type=com.example.core.base.BaseOverlay origin=null
                ARG action: BLOCK type=kotlin.Function1<@[Composable] kotlin.Function0<kotlin.Unit>, kotlin.Unit> origin=LAMBDA
                  COMPOSITE type=kotlin.Unit origin=null
                  FUNCTION_REFERENCE 'private final fun invoke$lambda$1$lambda$0 (content: @[Composable] kotlin.Function0<kotlin.Unit>): kotlin.Unit declared in com.example.core.base.BaseView.Companion.ConfigureView.<no name provided>' type=kotlin.Function1<@[Composable] kotlin.Function0<kotlin.Unit>, kotlin.Unit> origin=INLINE_LAMBDA reflectionTarget=null
          FUN BRIDGE name:invoke visibility:public modality:OPEN returnType:kotlin.Any?
            VALUE_PARAMETER INSTANCE_RECEIVER kind:DispatchReceiver name:<this> index:0 type:com.example.core.base.BaseView.Companion.ConfigureView.<no name provided>
            EXPRESSION_BODY
              RETURN type=kotlin.Nothing from='public open fun invoke (): kotlin.Any? declared in com.example.core.base.BaseView.Companion.ConfigureView.<no name provided>'
                CALL 'public final fun invoke (): kotlin.Unit declared in com.example.core.base.BaseView.Companion.ConfigureView.<no name provided>' type=kotlin.Unit origin=BRIDGE_DELEGATION
                  ARG <this>: GET_VAR '<this>: com.example.core.base.BaseView.Companion.ConfigureView.<no name provided> declared in com.example.core.base.BaseView.Companion.ConfigureView.<no name provided>.invoke' type=com.example.core.base.BaseView.Companion.ConfigureView.<no name provided> origin=null
        CONSTRUCTOR_CALL 'public constructor <init> ($view: S of com.example.core.base.BaseView.Companion.ConfigureView, $overlay: com.example.core.base.BaseOverlay) [primary] declared in com.example.core.base.BaseView.Companion.ConfigureView.<no name provided>' type=com.example.core.base.BaseView.Companion.ConfigureView.<no name provided> origin=null
          ARG $view: GET_VAR 'val view: S of com.example.core.base.BaseView.Companion.ConfigureView [val] declared in com.example.core.base.BaseView.Companion.ConfigureView' type=S of com.example.core.base.BaseView.Companion.ConfigureView origin=null
          ARG $overlay: GET_VAR 'val overlay: com.example.core.base.BaseOverlay [val] declared in com.example.core.base.BaseView.Companion.ConfigureView' type=com.example.core.base.BaseOverlay origin=null

	at org.jetbrains.kotlin.backend.jvm.codegen.FunctionCodegen.generate(FunctionCodegen.kt:50)
	at org.jetbrains.kotlin.backend.jvm.codegen.FunctionCodegen.generate$default(FunctionCodegen.kt:43)
	at org.jetbrains.kotlin.backend.jvm.codegen.ClassCodegen.generateMethodNode(ClassCodegen.kt:428)
	at org.jetbrains.kotlin.backend.jvm.codegen.ClassCodegen.generateMethod(ClassCodegen.kt:439)
	at org.jetbrains.kotlin.backend.jvm.codegen.ClassCodegen.generate(ClassCodegen.kt:164)
	at org.jetbrains.kotlin.backend.jvm.codegen.ClassCodegen.generate(ClassCodegen.kt:177)
	at org.jetbrains.kotlin.backend.jvm.JvmIrCodegenFactory.generateFile(JvmIrCodegenFactory.kt:419)
	at org.jetbrains.kotlin.backend.jvm.JvmIrCodegenFactory.invokeCodegen(JvmIrCodegenFactory.kt:388)
	at org.jetbrains.kotlin.cli.jvm.compiler.KotlinToJVMBytecodeCompiler.runCodegen$cli(KotlinToJVMBytecodeCompiler.kt:432)
	at org.jetbrains.kotlin.cli.pipeline.jvm.JvmBackendPipelinePhase.executePhase(JvmBackendPipelinePhase.kt:95)
	at org.jetbrains.kotlin.cli.pipeline.jvm.JvmBackendPipelinePhase.executePhase(JvmBackendPipelinePhase.kt:36)
	at org.jetbrains.kotlin.cli.pipeline.jvm.JvmBackendPipelinePhase.executePhase(JvmBackendPipelinePhase.kt:29)
	at org.jetbrains.kotlin.cli.pipeline.PipelinePhase.phaseBody(PipelinePhase.kt:68)
	at org.jetbrains.kotlin.cli.pipeline.PipelinePhase.phaseBody(PipelinePhase.kt:58)
	at org.jetbrains.kotlin.config.phaser.NamedCompilerPhase.invoke(CompilerPhase.kt:102)
	at org.jetbrains.kotlin.backend.common.phaser.CompositePhase.invoke(PhaseBuilders.kt:22)
	at org.jetbrains.kotlin.config.phaser.CompilerPhaseKt.invokeToplevel(CompilerPhase.kt:53)
	at org.jetbrains.kotlin.cli.pipeline.AbstractCliPipeline.runPhasedPipeline(AbstractCliPipeline.kt:109)
	at org.jetbrains.kotlin.cli.pipeline.AbstractCliPipeline.execute(AbstractCliPipeline.kt:68)
	at org.jetbrains.kotlin.cli.jvm.K2JVMCompiler.doExecutePhased(K2JVMCompiler.kt:78)
	at org.jetbrains.kotlin.cli.jvm.K2JVMCompiler.doExecutePhased(K2JVMCompiler.kt:44)
	at org.jetbrains.kotlin.cli.common.CLICompiler.execImpl(CLICompiler.kt:90)
	at org.jetbrains.kotlin.cli.common.CLICompiler.exec(CLICompiler.kt:352)
	at org.jetbrains.kotlin.incremental.IncrementalJvmCompilerRunnerBase.runCompiler(IncrementalJvmCompilerRunnerBase.kt:175)
	at org.jetbrains.kotlin.incremental.IncrementalJvmCompilerRunnerBase.runCompiler(IncrementalJvmCompilerRunnerBase.kt:38)
	at org.jetbrains.kotlin.incremental.IncrementalCompilerRunner.doCompile(IncrementalCompilerRunner.kt:504)
	at org.jetbrains.kotlin.incremental.IncrementalCompilerRunner.compileImpl(IncrementalCompilerRunner.kt:421)
	at org.jetbrains.kotlin.incremental.IncrementalCompilerRunner.compileNonIncrementally(IncrementalCompilerRunner.kt:306)
	at org.jetbrains.kotlin.incremental.IncrementalCompilerRunner.compile(IncrementalCompilerRunner.kt:133)
	at org.jetbrains.kotlin.daemon.CompileServiceImplBase.execIncrementalCompiler(CompileServiceImpl.kt:679)
	at org.jetbrains.kotlin.daemon.CompileServiceImplBase.access$execIncrementalCompiler(CompileServiceImpl.kt:93)
	at org.jetbrains.kotlin.daemon.CompileServiceImpl.compile(CompileServiceImpl.kt:1806)
	at java.base/jdk.internal.reflect.DirectMethodHandleAccessor.invoke(Unknown Source)
	at java.base/java.lang.reflect.Method.invoke(Unknown Source)
	at java.rmi/sun.rmi.server.UnicastServerRef.dispatch(Unknown Source)
	at java.rmi/sun.rmi.transport.Transport$1.run(Unknown Source)
	at java.rmi/sun.rmi.transport.Transport$1.run(Unknown Source)
	at java.base/java.security.AccessController.doPrivileged(Unknown Source)
	at java.rmi/sun.rmi.transport.Transport.serviceCall(Unknown Source)
	at java.rmi/sun.rmi.transport.tcp.TCPTransport.handleMessages(Unknown Source)
	at java.rmi/sun.rmi.transport.tcp.TCPTransport$ConnectionHandler.run0(Unknown Source)
	at java.rmi/sun.rmi.transport.tcp.TCPTransport$ConnectionHandler.lambda$run$0(Unknown Source)
	at java.base/java.security.AccessController.doPrivileged(Unknown Source)
	at java.rmi/sun.rmi.transport.tcp.TCPTransport$ConnectionHandler.run(Unknown Source)
	at java.base/java.util.concurrent.ThreadPoolExecutor.runWorker(Unknown Source)
	at java.base/java.util.concurrent.ThreadPoolExecutor$Worker.run(Unknown Source)
	at java.base/java.lang.Thread.run(Unknown Source)
Caused by: org.jetbrains.kotlin.codegen.CompilationException: Back-end (JVM) Internal error: Couldn't inline method call: CALL 'public final fun viewModel$default <VM> (viewModelStoreOwner: androidx.lifecycle.ViewModelStoreOwner?, key: kotlin.String?, factory: androidx.lifecycle.ViewModelProvider.Factory?, extras: androidx.lifecycle.viewmodel.CreationExtras?, $mask0: kotlin.Int, $handler: kotlin.Any?): VM of androidx.lifecycle.viewmodel.compose.ViewModelKt.viewModel$default [inline] declared in androidx.lifecycle.viewmodel.compose.ViewModelKt' type=VM of androidx.lifecycle.viewmodel.compose.ViewModelKt.viewModel$default origin=DEFAULT_DISPATCH_CALL
Method: null
File is unknown
The root cause java.lang.IllegalStateException was thrown at: org.jetbrains.kotlin.codegen.inline.SourceCompilerForInlineKt.getMethodNode(SourceCompilerForInline.kt:129)
	at org.jetbrains.kotlin.backend.jvm.codegen.IrInlineCodegen.genInlineCall(IrInlineCodegen.kt:82)
	at org.jetbrains.kotlin.backend.jvm.codegen.IrInlineCallGenerator.genCall(IrInlineCallGenerator.kt:36)
	at org.jetbrains.kotlin.backend.jvm.codegen.ExpressionCodegen.visitCall(ExpressionCodegen.kt:586)
	at org.jetbrains.kotlin.backend.jvm.codegen.ExpressionCodegen.visitCall(ExpressionCodegen.kt:135)
	at org.jetbrains.kotlin.ir.expressions.IrCall.accept(IrCall.kt:24)
	at org.jetbrains.kotlin.backend.jvm.codegen.ExpressionCodegen.visitTypeOperator(ExpressionCodegen.kt:1075)
	at org.jetbrains.kotlin.backend.jvm.codegen.ExpressionCodegen.visitTypeOperator(ExpressionCodegen.kt:135)
	at org.jetbrains.kotlin.ir.expressions.IrTypeOperatorCall.accept(IrTypeOperatorCall.kt:26)
	at org.jetbrains.kotlin.backend.jvm.codegen.ExpressionCodegen.visitVariable(ExpressionCodegen.kt:725)
	at org.jetbrains.kotlin.backend.jvm.codegen.ExpressionCodegen.visitVariable(ExpressionCodegen.kt:135)
	at org.jetbrains.kotlin.ir.declarations.IrVariable.accept(IrVariable.kt:36)
	at org.jetbrains.kotlin.backend.jvm.codegen.ExpressionCodegen.visitStatementContainer(ExpressionCodegen.kt:527)
	at org.jetbrains.kotlin.backend.jvm.codegen.ExpressionCodegen.visitBlockBody(ExpressionCodegen.kt:532)
	at org.jetbrains.kotlin.backend.jvm.codegen.ExpressionCodegen.visitBlockBody(ExpressionCodegen.kt:135)
	at org.jetbrains.kotlin.ir.expressions.IrBlockBody.accept(IrBlockBody.kt:20)
	at org.jetbrains.kotlin.backend.jvm.codegen.ExpressionCodegen.generate(ExpressionCodegen.kt:233)
	at org.jetbrains.kotlin.backend.jvm.codegen.FunctionCodegen.doGenerate(FunctionCodegen.kt:126)
	at org.jetbrains.kotlin.backend.jvm.codegen.FunctionCodegen.generate(FunctionCodegen.kt:47)
	... 46 more
Caused by: java.lang.IllegalStateException: couldn't find inline method Landroidx/lifecycle/viewmodel/compose/ViewModelKt__ViewModelKt;.viewModel$default(Landroidx/lifecycle/ViewModelStoreOwner;Ljava/lang/String;Landroidx/lifecycle/ViewModelProvider$Factory;Landroidx/lifecycle/viewmodel/CreationExtras;ILjava/lang/Object;)Landroidx/lifecycle/ViewModel;
	at org.jetbrains.kotlin.codegen.inline.SourceCompilerForInlineKt.getMethodNode(SourceCompilerForInline.kt:129)
	at org.jetbrains.kotlin.codegen.inline.SourceCompilerForInlineKt.loadCompiledInlineFunction$lambda$2(SourceCompilerForInline.kt:98)
	at org.jetbrains.kotlin.codegen.inline.InlineCache.computeMethodBytes(InlineCache.kt:90)
	at org.jetbrains.kotlin.codegen.inline.SourceCompilerForInlineKt.loadCompiledInlineFunction(SourceCompilerForInline.kt:93)
	at org.jetbrains.kotlin.backend.jvm.codegen.IrSourceCompilerForInline.compileInlineFunction(IrSourceCompilerForInline.kt:96)
	at org.jetbrains.kotlin.backend.jvm.codegen.IrInlineCodegen.genInlineCall(IrInlineCodegen.kt:65)
	... 63 more


